<?xml version="1.0" encoding="UTF-8"?>
<testng-results ignored="0" total="1" passed="1" failed="0" skipped="0">
  <reporter-output>
  </reporter-output>
  <suite started-at="2019-06-27T13:30:59Z" name="Default suite" finished-at="2019-06-27T13:30:59Z" duration-ms="62">
    <groups>
    </groups>
    <test started-at="2019-06-27T13:30:59Z" name="Default test" finished-at="2019-06-27T13:30:59Z" duration-ms="62">
      <class name="utilityData.TestCsv">
        <test-method signature="main()[pri:0, instance:utilityData.TestCsv@484970b0]" started-at="2019-06-27T13:30:59Z" name="main" finished-at="2019-06-27T13:30:59Z" duration-ms="19" status="PASS">
          <reporter-output>
          </reporter-output>
        </test-method> <!-- main -->
      </class> <!-- utilityData.TestCsv -->
    </test> <!-- Default test -->
  </suite> <!-- Default suite -->
</testng-results>
